<?xml version="1.0" encoding="UTF-8"?>
<!-- Generated by org.testng.reporters.JUnitReportReporter -->
<testsuite hostname="DESKTOP-KDJK59C" failures="0" tests="1" name="TestNg.SecondSection" time="0.001" errors="0" timestamp="2025-09-22T02:18:01 WIB" skipped="0">
  <testcase classname="TestNg.SecondSection" name="test" time="0.001"/>
</testsuite> <!-- TestNg.SecondSection -->
