<?xml version="1.0" encoding="UTF-8"?>
<!-- Generated by org.testng.reporters.JUnitReportReporter -->
<testsuite hostname="DESKTOP-KDJK59C" failures="0" tests="1" name="Main.javaSterams" time="0.013" errors="0" timestamp="2025-08-24T16:27:33 WIB" skipped="0">
  <testcase classname="Main.javaSterams" name="streamCollect" time="0.013"/>
</testsuite> <!-- Main.javaSterams -->
