<?xml version="1.0" encoding="UTF-8"?>
<!-- Generated by org.testng.reporters.JUnitReportReporter -->
<testsuite hostname="DESKTOP-KDJK59C" failures="0" tests="5" name="TestNg.ThirdSection" time="0.013" errors="0" timestamp="2025-10-04T00:05:34 WIB" skipped="0">
  <testcase classname="TestNg.ThirdSection" name="MobileLoginCarLoan" time="0.002"/>
  <testcase classname="TestNg.ThirdSection" name="MobilesigninCarLoan" time="0.003"/>
  <testcase classname="TestNg.ThirdSection" name="APIcarLoan" time="0.002"/>
  <testcase classname="TestNg.ThirdSection" name="WebloginCarLoan" time="0.003"/>
  <testcase classname="TestNg.ThirdSection" name="MobilesignoutCarLoan" time="0.003"/>
</testsuite> <!-- TestNg.ThirdSection -->
