<?xml version="1.0" encoding="UTF-8"?>
<!-- Generated by org.testng.reporters.JUnitReportReporter -->
<testsuite hostname="DESKTOP-KDJK59C" failures="0" tests="3" name="TestNg.FourthSection" time="0.005" errors="0" timestamp="2025-10-04T00:05:34 WIB" skipped="0">
  <testcase classname="TestNg.FourthSection" name="MobileLoginHomeLoan" time="0.001"/>
  <testcase classname="TestNg.FourthSection" name="LoginAPIhomeLoan" time="0.002"/>
  <testcase classname="TestNg.FourthSection" name="WebloginHomeLoan" time="0.002"/>
</testsuite> <!-- TestNg.FourthSection -->
