<?xml version="1.0" encoding="UTF-8"?>
<!-- Generated by org.testng.reporters.JUnitReportReporter -->
<testsuite hostname="DESKTOP-KDJK59C" failures="0" tests="1" name="TestNg.SecondSection" time="0.003" errors="0" timestamp="2025-10-04T00:05:34 WIB" skipped="0">
  <testcase classname="TestNg.SecondSection" name="test" time="0.003"/>
</testsuite> <!-- TestNg.SecondSection -->
