<?xml version="1.0" encoding="UTF-8"?>
<!-- Generated by org.testng.reporters.JUnitReportReporter -->
<testsuite hostname="DESKTOP-KDJK59C" failures="0" tests="2" name="TestNg.FirstSection" time="0.042" errors="0" timestamp="2025-10-04T00:05:34 WIB" skipped="0">
  <testcase classname="TestNg.FirstSection" name="SecondDemo" time="0.003"/>
  <testcase classname="TestNg.FirstSection" name="Demo" time="0.039"/>
</testsuite> <!-- TestNg.FirstSection -->
