<?xml version="1.0" encoding="UTF-8"?>
<!-- Generated by org.testng.reporters.JUnitReportReporter -->
<testsuite hostname="DESKTOP-KDJK59C" failures="0" tests="2" name="TestNg.FirstSection" time="0.016" errors="0" timestamp="2025-09-22T02:18:01 WIB" skipped="0">
  <testcase classname="TestNg.FirstSection" name="Demo" time="0.012"/>
  <testcase classname="TestNg.FirstSection" name="SecondDemo" time="0.004"/>
</testsuite> <!-- TestNg.FirstSection -->
